<?xml version="1.0" encoding="UTF-8" ?>
<testsuite errors="0" failures="0" hostname="pc-PC" name="com.guyibing.util.SquareTest1" skipped="0" tests="5" time="0.051" timestamp="2018-03-14T03:03:01">
  <properties>
[...]
</properties>
  <testcase classname="com.guyibing.util.SquareTest1" name="square1" time="0.001" />
  <testcase classname="com.guyibing.util.SquareTest1" name="square2" time="0.0" />
  <testcase classname="com.guyibing.util.SquareTest1" name="square3" time="0.0" />
  <testcase classname="com.guyibing.util.SquareTest1" name="multiply1" time="0.0" />
  <testcase classname="com.guyibing.util.SquareTest1" name="add1" time="0.0" />
  <system-out><![CDATA[4
4
4
4
4
]]></system-out>
  <system-err><![CDATA[]]></system-err>
</testsuite>
